<?xml version="1.0" encoding="UTF-8"?>
<testsuite name="recall.srs.Sm2SchedulerTest" tests="8" skipped="0" failures="0" errors="0" timestamp="2026-08-22T08:16:52" hostname="Nathans-MacBook-Air-3.local" time="0.003">
  <properties/>
  <testcase name="thirdSuccessfulReview_intervalIsPreviousTimesEase()" classname="recall.srs.Sm2SchedulerTest" time="0.001"/>
  <testcase name="easeNeverDropsBelowFloor()" classname="recall.srs.Sm2SchedulerTest" time="0.0"/>
  <testcase name="hard_lowersEase()" classname="recall.srs.Sm2SchedulerTest" time="0.0"/>
  <testcase name="good_leavesEaseUnchanged()" classname="recall.srs.Sm2SchedulerTest" time="0.001"/>
  <testcase name="easy_raisesEase()" classname="recall.srs.Sm2SchedulerTest" time="0.0"/>
  <testcase name="secondSuccessfulReview_intervalIsSixDays()" classname="recall.srs.Sm2SchedulerTest" time="0.0"/>
  <testcase name="firstSuccessfulReview_intervalIsOneDay()" classname="recall.srs.Sm2SchedulerTest" time="0.0"/>
  <testcase name="again_resetsRepetitionsAndInterval()" classname="recall.srs.Sm2SchedulerTest" time="0.0"/>
  <system-out><![CDATA[]]></system-out>
  <system-err><![CDATA[]]></system-err>
</testsuite>
