<?xml version="1.0" encoding="UTF-8"?>
<testsuite name="recall.storage.StorageTest" tests="5" skipped="0" failures="0" errors="0" timestamp="2026-08-22T07:18:30" hostname="Nathans-MacBook-Air-3.local" time="0.013">
  <properties/>
  <testcase name="deleteDeck_removesFileFromDisk(Path)" classname="recall.storage.StorageTest" time="0.002"/>
  <testcase name="saveThenLoad_multipleDecks_allReturned(Path)" classname="recall.storage.StorageTest" time="0.001"/>
  <testcase name="deleteDeck_nonExistentDeck_doesNotThrow(Path)" classname="recall.storage.StorageTest" time="0.001"/>
  <testcase name="loadDecks_emptyOrMissingDirectory_returnsEmptyList(Path)" classname="recall.storage.StorageTest" time="0.004"/>
  <testcase name="saveThenLoad_singleDeck_roundTripsCards(Path)" classname="recall.storage.StorageTest" time="0.002"/>
  <system-out><![CDATA[]]></system-out>
  <system-err><![CDATA[]]></system-err>
</testsuite>
