<?xml version="1.0" encoding="UTF-8"?>
<testsuite name="recall.model.DeckStatsTest" tests="2" skipped="0" failures="0" errors="0" timestamp="2026-08-22T08:16:52" hostname="Nathans-MacBook-Air-3.local" time="0.005">
  <properties/>
  <testcase name="stats_classifiesNewYoungMatureAndCountsDue()" classname="recall.model.DeckStatsTest" time="0.005"/>
  <testcase name="stats_emptyDeck_hasZeroAverageEase()" classname="recall.model.DeckStatsTest" time="0.0"/>
  <system-out><![CDATA[]]></system-out>
  <system-err><![CDATA[]]></system-err>
</testsuite>
