<?xml version="1.0" encoding="UTF-8"?>
<testsuite name="recall.srs.ReviewSessionTest" tests="5" skipped="0" failures="0" errors="0" timestamp="2026-08-22T08:16:52" hostname="Nathans-MacBook-Air-3.local" time="0.002">
  <properties/>
  <testcase name="current_whenFinished_throws()" classname="recall.srs.ReviewSessionTest" time="0.0"/>
  <testcase name="grade_whenFinished_throws()" classname="recall.srs.ReviewSessionTest" time="0.001"/>
  <testcase name="grading_updatesTheCardSchedule()" classname="recall.srs.ReviewSessionTest" time="0.0"/>
  <testcase name="grading_advancesThroughTheQueue()" classname="recall.srs.ReviewSessionTest" time="0.001"/>
  <testcase name="session_queuesOnlyDueCards()" classname="recall.srs.ReviewSessionTest" time="0.0"/>
  <system-out><![CDATA[]]></system-out>
  <system-err><![CDATA[]]></system-err>
</testsuite>
